<?xml version="1.0" encoding="UTF-8"?>
<testng-results ignored="0" total="1" passed="1" failed="0" skipped="0">
  <reporter-output>
  </reporter-output>
  <suite started-at="2020-11-16T13:35:01 CST" name="Default suite" finished-at="2020-11-16T13:35:13 CST" duration-ms="12097">
    <groups>
    </groups>
    <test started-at="2020-11-16T13:35:01 CST" name="Default test" finished-at="2020-11-16T13:35:13 CST" duration-ms="12097">
      <class name="com.tfAutomationProject.testCases.TC_AddCat_001">
        <test-method is-config="true" signature="setUp()[pri:0, instance:com.tfAutomationProject.testCases.TC_AddCat_001@3381b4fc]" started-at="2020-11-16T13:35:01 CST" name="setUp" finished-at="2020-11-16T13:35:09 CST" duration-ms="8584" status="PASS">
          <reporter-output>
          </reporter-output>
        </test-method> <!-- setUp -->
        <test-method signature="addCategory()[pri:0, instance:com.tfAutomationProject.testCases.TC_AddCat_001@3381b4fc]" started-at="2020-11-16T13:35:09 CST" name="addCategory" finished-at="2020-11-16T13:35:12 CST" duration-ms="3072" status="PASS">
          <reporter-output>
          </reporter-output>
        </test-method> <!-- addCategory -->
        <test-method is-config="true" signature="tearDown()[pri:0, instance:com.tfAutomationProject.testCases.TC_AddCat_001@3381b4fc]" started-at="2020-11-16T13:35:12 CST" name="tearDown" finished-at="2020-11-16T13:35:13 CST" duration-ms="332" status="PASS">
          <reporter-output>
          </reporter-output>
        </test-method> <!-- tearDown -->
      </class> <!-- com.tfAutomationProject.testCases.TC_AddCat_001 -->
    </test> <!-- Default test -->
  </suite> <!-- Default suite -->
</testng-results>
